#
# There is insufficient memory for the Java Runtime Environment to continue.
# Native memory allocation (mmap) failed to map 264241152 bytes. Error detail: G1 virtual space
# Possible reasons:
#   The system is out of physical RAM or swap space
#   This process is running with CompressedOops enabled, and the Java Heap may be blocking the growth of the native heap
# Possible solutions:
#   Reduce memory load on the system
#   Increase physical memory or swap space
#   Check if swap backing store is full
#   Decrease Java heap size (-Xmx/-Xms)
#   Decrease number of Java threads
#   Decrease Java thread stack sizes (-Xss)
#   Set larger code cache with -XX:ReservedCodeCacheSize=
#   JVM is running with Zero Based Compressed Oops mode in which the Java heap is
#     placed in the first 32GB address space. The Java Heap base address is the
#     maximum limit for the native heap growth. Please use -XX:HeapBaseMinAddress
#     to set the Java Heap base and to place the Java Heap above 32GB virtual address.
# This output file may be truncated or incomplete.
#
#  Out of Memory Error (os_windows.cpp:3825), pid=57908, tid=60272
#
# JRE version:  (17.0.11+1) (build )
# Java VM: OpenJDK 64-Bit Server VM (17.0.11+1-b1207.24, mixed mode, sharing, tiered, compressed oops, compressed class ptrs, g1 gc, windows-amd64)
# No core dump will be written. Minidumps are not enabled by default on client versions of Windows
#

---------------  S U M M A R Y ------------

Command Line: git4idea.http.GitAskPassApp Username for 'https://github.com': 

Host: 12th Gen Intel(R) Core(TM) i7-1260P, 16 cores, 15G,  Windows 11 , 64 bit Build 22621 (10.0.22621.3958)
Time: Fri Nov 29 16:14:43 2024 India Standard Time elapsed time: 0.018866 seconds (0d 0h 0m 0s)

---------------  T H R E A D  ---------------

Current thread (0x0000020ea6d36820):  JavaThread "Unknown thread" [_thread_in_vm, id=60272, stack(0x0000006f55400000,0x0000006f55500000)]

Stack: [0x0000006f55400000,0x0000006f55500000]
Native frames: (J=compiled Java code, j=interpreted, Vv=VM code, C=native code)
V  [jvm.dll+0x6877f9]
V  [jvm.dll+0x8411aa]
V  [jvm.dll+0x842e2e]
V  [jvm.dll+0x843493]
V  [jvm.dll+0x249fdf]
V  [jvm.dll+0x6845c9]
V  [jvm.dll+0x678e7a]
V  [jvm.dll+0x30ab4b]
V  [jvm.dll+0x311ff6]
V  [jvm.dll+0x361a5e]
V  [jvm.dll+0x361c8f]
V  [jvm.dll+0x2e0978]
V  [jvm.dll+0x2e18e4]
V  [jvm.dll+0x811c71]
V  [jvm.dll+0x36f7c8]
V  [jvm.dll+0x7f05f6]
V  [jvm.dll+0x3f398f]
V  [jvm.dll+0x3f5541]
C  [jli.dll+0x528f]
C  [ucrtbase.dll+0x29333]
C  [KERNEL32.DLL+0x1257d]
C  [ntdll.dll+0x5af08]


---------------  P R O C E S S  ---------------

Threads class SMR info:
_java_thread_list=0x00007ffd5f6defd8, length=0, elements={
}

Java Threads: ( => current thread )

Other Threads:
  0x0000020ea6da0660 GCTaskThread "GC Thread#0" [stack: 0x0000006f55500000,0x0000006f55600000] [id=33256]
  0x0000020ea6db10c0 ConcurrentGCThread "G1 Main Marker" [stack: 0x0000006f55600000,0x0000006f55700000] [id=72128]
  0x0000020ea6db1ae0 ConcurrentGCThread "G1 Conc#0" [stack: 0x0000006f55700000,0x0000006f55800000] [id=49284]

[error occurred during error reporting (printing all threads), id 0xc0000005, EXCEPTION_ACCESS_VIOLATION (0xc0000005) at pc=0x00007ffd5ee91547]

VM state: not at safepoint (not fully initialized)

VM Mutex/Monitor currently owned by a thread:  ([mutex/lock_event])
[0x0000020ea6d2f910] Heap_lock - owner thread: 0x0000020ea6d36820

Heap address: 0x0000000704e00000, size: 4018 MB, Compressed Oops mode: Zero based, Oop shift amount: 3

CDS archive(s) mapped at: [0x0000000000000000-0x0000000000000000-0x0000000000000000), size 0, SharedBaseAddress: 0x0000000800000000, ArchiveRelocationMode: 1.
Narrow klass base: 0x0000000000000000, Narrow klass shift: 0, Narrow klass range: 0x0

GC Precious Log:
<Empty>

Heap:
 garbage-first heap   total 0K, used 0K [0x0000000704e00000, 0x0000000800000000)
  region size 2048K, 0 young (0K), 0 survivors (0K)
 Metaspace       used 0K, committed 0K, reserved 0K
  class space    used 0K, committed 0K, reserved 0K

Heap Regions: E=young(eden), S=young(survivor), O=old, HS=humongous(starts), HC=humongous(continues), CS=collection set, F=free, OA=open archive, CA=closed archive, TAMS=top-at-mark-start (previous, next)

Card table byte_map: [0x0000020eba520000,0x0000020ebad00000] _byte_map_base: 0x0000020eb6cf9000

Marking Bits (Prev, Next): (CMBitMap*) 0x0000020ea6da0c80, (CMBitMap*) 0x0000020ea6da0cc0
 Prev Bits: [0x0000020ebb4e0000, 0x0000020ebf3a8000)
 Next Bits: [0x0000020ebf3b0000, 0x0000020ec3278000)

GC Heap History (0 events):
No events

Dll operation events (1 events):
Event: 0.011 Loaded shared library C:\Program Files\JetBrains\PyCharm Community Edition 2024.1.4\jbr\bin\java.dll

Deoptimization events (0 events):
No events

Classes unloaded (0 events):
No events

Classes redefined (0 events):
No events

Internal exceptions (0 events):
No events

VM Operations (0 events):
No events

Events (0 events):
No events


Dynamic libraries:
0x00007ff762e40000 - 0x00007ff762e4a000 	C:\Program Files\JetBrains\PyCharm Community Edition 2024.1.4\jbr\bin\java.exe
0x00007ffdf2a30000 - 0x00007ffdf2c47000 	C:\WINDOWS\SYSTEM32\ntdll.dll
0x00007ffdf1670000 - 0x00007ffdf1734000 	C:\WINDOWS\System32\KERNEL32.DLL
0x00007ffdf0140000 - 0x00007ffdf04f7000 	C:\WINDOWS\System32\KERNELBASE.dll
0x00007ffdefe90000 - 0x00007ffdeffa1000 	C:\WINDOWS\System32\ucrtbase.dll
0x00007ffdba2c0000 - 0x00007ffdba2d7000 	C:\Program Files\JetBrains\PyCharm Community Edition 2024.1.4\jbr\bin\jli.dll
0x00007ffdf1970000 - 0x00007ffdf1b1f000 	C:\WINDOWS\System32\USER32.dll
0x00007ffdb90f0000 - 0x00007ffdb910b000 	C:\Program Files\JetBrains\PyCharm Community Edition 2024.1.4\jbr\bin\VCRUNTIME140.dll
0x00007ffdefe60000 - 0x00007ffdefe86000 	C:\WINDOWS\System32\win32u.dll
0x00007ffdf0d00000 - 0x00007ffdf0d29000 	C:\WINDOWS\System32\GDI32.dll
0x00007ffdbfb00000 - 0x00007ffdbfd93000 	C:\WINDOWS\WinSxS\amd64_microsoft.windows.common-controls_6595b64144ccf1df_6.0.22621.3672_none_2713b9d173822955\COMCTL32.dll
0x00007ffdeffb0000 - 0x00007ffdf00c8000 	C:\WINDOWS\System32\gdi32full.dll
0x00007ffdefd40000 - 0x00007ffdefdda000 	C:\WINDOWS\System32\msvcp_win.dll
0x00007ffdf1bc0000 - 0x00007ffdf1c67000 	C:\WINDOWS\System32\msvcrt.dll
0x00007ffdf1090000 - 0x00007ffdf10c1000 	C:\WINDOWS\System32\IMM32.DLL
0x0000000065360000 - 0x000000006536c000 	C:\Program Files (x86)\360\Total Security\safemon\SafeWrapper.dll
0x00007ffdbd8c0000 - 0x00007ffdbd8cc000 	C:\Program Files\JetBrains\PyCharm Community Edition 2024.1.4\jbr\bin\vcruntime140_1.dll
0x00007ffd81b70000 - 0x00007ffd81bfd000 	C:\Program Files\JetBrains\PyCharm Community Edition 2024.1.4\jbr\bin\msvcp140.dll
0x00007ffd5eba0000 - 0x00007ffd5f823000 	C:\Program Files\JetBrains\PyCharm Community Edition 2024.1.4\jbr\bin\server\jvm.dll
0x00007ffdf1f80000 - 0x00007ffdf2032000 	C:\WINDOWS\System32\ADVAPI32.dll
0x00007ffdf0c50000 - 0x00007ffdf0cf8000 	C:\WINDOWS\System32\sechost.dll
0x00007ffdf0670000 - 0x00007ffdf0698000 	C:\WINDOWS\System32\bcrypt.dll
0x00007ffdf0e40000 - 0x00007ffdf0f54000 	C:\WINDOWS\System32\RPCRT4.dll
0x00007ffdeebc0000 - 0x00007ffdeec0d000 	C:\WINDOWS\SYSTEM32\POWRPROF.dll
0x00007ffde1b50000 - 0x00007ffde1b59000 	C:\WINDOWS\SYSTEM32\WSOCK32.dll
0x00007ffddc9c0000 - 0x00007ffddc9ca000 	C:\WINDOWS\SYSTEM32\VERSION.dll
0x00007ffdf0ff0000 - 0x00007ffdf1061000 	C:\WINDOWS\System32\WS2_32.dll
0x00007ffded660000 - 0x00007ffded694000 	C:\WINDOWS\SYSTEM32\WINMM.dll
0x00007ffdeeba0000 - 0x00007ffdeebb3000 	C:\WINDOWS\SYSTEM32\UMPDC.dll
0x00007ffdeee50000 - 0x00007ffdeee68000 	C:\WINDOWS\SYSTEM32\kernel.appcore.dll
0x00007ffde5530000 - 0x00007ffde553a000 	C:\Program Files\JetBrains\PyCharm Community Edition 2024.1.4\jbr\bin\jimage.dll
0x00007ffded3a0000 - 0x00007ffded5d2000 	C:\WINDOWS\SYSTEM32\DBGHELP.DLL
0x00007ffdf12e0000 - 0x00007ffdf166e000 	C:\WINDOWS\System32\combase.dll
0x00007ffdf20a0000 - 0x00007ffdf2177000 	C:\WINDOWS\System32\OLEAUT32.dll
0x00007ffded620000 - 0x00007ffded652000 	C:\WINDOWS\SYSTEM32\dbgcore.DLL
0x00007ffdefde0000 - 0x00007ffdefe5b000 	C:\WINDOWS\System32\bcryptPrimitives.dll
0x00007ffdbf480000 - 0x00007ffdbf4a5000 	C:\Program Files\JetBrains\PyCharm Community Edition 2024.1.4\jbr\bin\java.dll

dbghelp: loaded successfully - version: 4.0.5 - missing functions: none
symbol engine: initialized successfully - sym options: 0x614 - pdb path: .;C:\Program Files\JetBrains\PyCharm Community Edition 2024.1.4\jbr\bin;C:\WINDOWS\SYSTEM32;C:\WINDOWS\WinSxS\amd64_microsoft.windows.common-controls_6595b64144ccf1df_6.0.22621.3672_none_2713b9d173822955;C:\Program Files (x86)\360\Total Security\safemon;C:\Program Files\JetBrains\PyCharm Community Edition 2024.1.4\jbr\bin\server

VM Arguments:
java_command: git4idea.http.GitAskPassApp Username for 'https://github.com': 
java_class_path (initial): C:/Program Files/JetBrains/PyCharm Community Edition 2024.1.4/plugins/vcs-git/lib/git4idea-rt.jar;C:/Program Files/JetBrains/PyCharm Community Edition 2024.1.4/lib/externalProcess-rt.jar
Launcher Type: SUN_STANDARD

[Global flags]
     intx CICompilerCount                          = 12                                        {product} {ergonomic}
     uint ConcGCThreads                            = 3                                         {product} {ergonomic}
     uint G1ConcRefinementThreads                  = 13                                        {product} {ergonomic}
   size_t G1HeapRegionSize                         = 2097152                                   {product} {ergonomic}
    uintx GCDrainStackTargetSize                   = 64                                        {product} {ergonomic}
   size_t InitialHeapSize                          = 264241152                                 {product} {ergonomic}
   size_t MarkStackSize                            = 4194304                                   {product} {ergonomic}
   size_t MaxHeapSize                              = 4213178368                                {product} {ergonomic}
   size_t MinHeapDeltaBytes                        = 2097152                                   {product} {ergonomic}
   size_t MinHeapSize                              = 8388608                                   {product} {ergonomic}
    uintx NonNMethodCodeHeapSize                   = 7602480                                {pd product} {ergonomic}
    uintx NonProfiledCodeHeapSize                  = 122027880                              {pd product} {ergonomic}
    uintx ProfiledCodeHeapSize                     = 122027880                              {pd product} {ergonomic}
    uintx ReservedCodeCacheSize                    = 251658240                              {pd product} {ergonomic}
     bool SegmentedCodeCache                       = true                                      {product} {ergonomic}
   size_t SoftMaxHeapSize                          = 4213178368                             {manageable} {ergonomic}
     bool UseCompressedClassPointers               = true                           {product lp64_product} {ergonomic}
     bool UseCompressedOops                        = true                           {product lp64_product} {ergonomic}
     bool UseG1GC                                  = true                                      {product} {ergonomic}
     bool UseLargePagesIndividualAllocation        = false                                  {pd product} {ergonomic}

Logging:
Log output configuration:
 #0: stdout all=warning uptime,level,tags
 #1: stderr all=off uptime,level,tags

Environment Variables:
PATH=C:/Program Files/Git/mingw64/libexec/git-core;C:/Program Files/Git/mingw64/libexec/git-core;C:\Program Files\Git\mingw64\bin;C:\Program Files\Git\usr\bin;C:\Users\likhi\bin;C:\Users\likhi\PycharmProjects\Py4XLearningSeleniumPrograms\.venv\Scripts;C:\Program Files\Common Files\Oracle\Java\javapath;C:\Program Files (x86)\Common Files\Oracle\Java\javapath;C:\Windows\system32;C:\Windows;C:\Windows\System32\Wbem;C:\Windows\System32\WindowsPowerShell\v1.0\;C:\Windows\System32\OpenSSH\;C:\Program Files\dotnet\;C:\Program Files (x86)\NVIDIA Corporation\PhysX\Common;C:\Program Files\PuTTY\;C:\Program Files\NVIDIA Corporation\NVIDIA NvDLISR;C:\Program Files\Git\cmd;C:\WINDOWS\system32;C:\WINDOWS;C:\WINDOWS\System32\Wbem;C:\WINDOWS\System32\WindowsPowerShell\v1.0\;C:\WINDOWS\System32\OpenSSH\;C:\Program Files\Git\usr\bin;C:\Program Files\nodejs\;C:\Users\likhi\AppData\Local\Programs\Python\Python312\Scripts\;C:\Users\likhi\AppData\Local\Programs\Python\Python312\;C:\Users\likhi\anaconda3;C:\Users\likhi\anaconda3\Library\mingw-w64\bin;C:\Users\likhi\anaconda3\Library\usr\bin;C:\Users\likhi\anaconda3\Library\bin;C:\Users\likhi\anaconda3\Scripts;C:\Users\likhi\AppData\Local\Microsoft\WindowsApps;C:\Users\likhi\AppData\Local\Programs\Microsoft VS Code\bin;C:\Users\likhi\AppData\Roaming\npm
USERNAME=likhi
DISPLAY=:0.0
LC_ALL=en_US.UTF-8
TERM=xterm-256color
TMPDIR=C:\Users\likhi\AppData\Local\Temp
OS=Windows_NT
PROCESSOR_IDENTIFIER=Intel64 Family 6 Model 154 Stepping 3, GenuineIntel
TMP=C:\Users\likhi\AppData\Local\Temp
TEMP=C:\Users\likhi\AppData\Local\Temp



Periodic native trim disabled

JNI global refs:
JNI global refs: 0, weak refs: 0

JNI global refs memory usage: 0, weak refs: 0

Process memory usage:
Resident Set Size: 11944K (0% of 16454388K total physical memory with 378436K free physical memory)

OOME stack traces (most recent first):
Classloader memory used:


---------------  S Y S T E M  ---------------

OS:
 Windows 11 , 64 bit Build 22621 (10.0.22621.3958)
OS uptime: 23 days 4:41 hours
Hyper-V role detected

CPU: total 16 (initial active 16) (8 cores per cpu, 2 threads per core) family 6 model 154 stepping 3 microcode 0x432, cx8, cmov, fxsr, ht, mmx, 3dnowpref, sse, sse2, sse3, ssse3, sse4.1, sse4.2, popcnt, lzcnt, tsc, tscinvbit, avx, avx2, aes, erms, clmul, bmi1, bmi2, adx, sha, fma, vzeroupper, clflush, clflushopt, clwb, hv
Processor Information for processor 0
  Max Mhz: 2100, Current Mhz: 2100, Mhz Limit: 2100
Processor Information for processor 1
  Max Mhz: 2100, Current Mhz: 2100, Mhz Limit: 2100
Processor Information for processor 2
  Max Mhz: 2100, Current Mhz: 1453, Mhz Limit: 2100
Processor Information for processor 3
  Max Mhz: 2100, Current Mhz: 2100, Mhz Limit: 2100
Processor Information for processor 4
  Max Mhz: 2100, Current Mhz: 2100, Mhz Limit: 2100
Processor Information for processor 5
  Max Mhz: 2100, Current Mhz: 2100, Mhz Limit: 2100
Processor Information for processor 6
  Max Mhz: 2100, Current Mhz: 1453, Mhz Limit: 2100
Processor Information for processor 7
  Max Mhz: 2100, Current Mhz: 2100, Mhz Limit: 2100
Processor Information for processor 8
  Max Mhz: 2100, Current Mhz: 1500, Mhz Limit: 1491
Processor Information for processor 9
  Max Mhz: 2100, Current Mhz: 1500, Mhz Limit: 1491
Processor Information for processor 10
  Max Mhz: 2100, Current Mhz: 1500, Mhz Limit: 1491
Processor Information for processor 11
  Max Mhz: 2100, Current Mhz: 1500, Mhz Limit: 1491
Processor Information for processor 12
  Max Mhz: 2100, Current Mhz: 1500, Mhz Limit: 1491
Processor Information for processor 13
  Max Mhz: 2100, Current Mhz: 1500, Mhz Limit: 1491
Processor Information for processor 14
  Max Mhz: 2100, Current Mhz: 1500, Mhz Limit: 1491
Processor Information for processor 15
  Max Mhz: 2100, Current Mhz: 1500, Mhz Limit: 1491

Memory: 4k page, system-wide physical 16068M (369M free)
TotalPageFile size 43432M (AvailPageFile size 229M)
current process WorkingSet (physical memory assigned to process): 11M, peak: 11M
current process commit charge ("private bytes"): 71M, peak: 322M

vm_info: OpenJDK 64-Bit Server VM (17.0.11+1-b1207.24) for windows-amd64 JRE (17.0.11+1-b1207.24), built on 2024-05-15 by "builduser" with MS VC++ 16.10 / 16.11 (VS2019)

END.
